<?xml version="1.0" encoding="UTF-8"?>
<!-- Generated by org.testng.reporters.JUnitReportReporter -->
<testsuite skipped="0" hostname="dsr-PC" name="com.rob.myrestprojecttest.AppTest" tests="1" failures="0" timestamp="15 Apr 2019 18:03:56 GMT" time="12.144" errors="0">
  <testcase name="testProfile" time="12.144" classname="com.rob.myrestprojecttest.AppTest"/>
</testsuite> <!-- com.rob.myrestprojecttest.AppTest -->
