<?xml version="1.0" encoding="UTF-8"?>
<!-- Generated by org.testng.reporters.JUnitReportReporter -->
<testsuite skipped="0" hostname="dsr-PC" name="com.rob.myrestprojecttest.AppTest" tests="1" failures="0" timestamp="15 Apr 2019 18:31:12 GMT" time="11.809" errors="0">
  <testcase name="testProfileWithInvalid" time="11.809" classname="com.rob.myrestprojecttest.AppTest"/>
</testsuite> <!-- com.rob.myrestprojecttest.AppTest -->
