<?xml version="1.0" encoding="UTF-8"?>
<!-- Generated by org.testng.reporters.JUnitReportReporter -->
<testsuite skipped="0" hostname="dsr-PC" name="com.rob.myrestprojecttest.AppTest" tests="2" failures="0" timestamp="15 Apr 2019 18:45:23 GMT" time="10.870" errors="0">
  <testcase name="testProfileWithInvalid" time="10.800" classname="com.rob.myrestprojecttest.AppTest"/>
  <testcase name="testSuccessfullProfile" time="0.070" classname="com.rob.myrestprojecttest.AppTest"/>
</testsuite> <!-- com.rob.myrestprojecttest.AppTest -->
