<?xml version="1.0" encoding="UTF-8"?>
<!-- Generated by org.testng.reporters.JUnitReportReporter -->
<testsuite skipped="0" hostname="dsr-PC" name="com.rob.myrestprojecttest.AppTest" tests="1" failures="0" timestamp="19 Apr 2019 05:19:04 GMT" time="6.492" errors="0">
  <testcase name="testSuccessfullProfile" time="6.492" classname="com.rob.myrestprojecttest.AppTest"/>
</testsuite> <!-- com.rob.myrestprojecttest.AppTest -->
